{
  "RSpec": {
    "coverage": {
      "/home/elina/pdp/simple_api/spec/support/database_cleaner.rb": {
        "lines": [
          null,
          null,
          1,
          1,
          1,
          null,
          null,
          1,
          55,
          55,
          null,
          null,
          null
        ]
      },
      "/home/elina/pdp/simple_api/spec/support/factory_bot.rb": {
        "lines": [
          null,
          null,
          1,
          1,
          null
        ]
      },
      "/home/elina/pdp/simple_api/spec/support/mongoid.rb": {
        "lines": [
          1,
          null,
          1,
          1,
          null
        ]
      },
      "/home/elina/pdp/simple_api/spec/support/shrine.rb": {
        "lines": [
          1,
          null,
          1,
          null,
          null,
          null
        ]
      },
      "/home/elina/pdp/simple_api/spec/concepts/jwt/operations/login_spec.rb": {
        "lines": [
          null,
          null,
          1,
          4,
          null,
          3,
          3,
          4,
          null,
          1,
          1,
          1,
          1,
          1,
          1,
          1,
          null,
          null,
          null,
          1,
          2,
          2,
          null,
          1,
          1,
          1,
          1,
          null,
          null,
          null,
          1,
          2,
          2,
          null,
          1,
          1,
          null,
          null,
          1,
          1,
          1,
          1,
          null,
          null,
          null
        ]
      },
      "/home/elina/pdp/simple_api/spec/concepts/jwt/operations/refresh_spec.rb": {
        "lines": [
          null,
          null,
          1,
          1,
          1,
          3,
          3,
          3,
          3,
          3,
          3,
          null,
          1,
          2,
          2,
          2,
          null,
          null,
          1,
          1,
          1,
          1,
          1,
          null,
          null,
          1,
          2,
          2,
          null,
          1,
          1,
          null,
          null,
          1,
          1,
          1,
          1,
          null,
          null,
          null
        ]
      },
      "/home/elina/pdp/simple_api/spec/concepts/videos/operation/create_spec.rb": {
        "lines": [
          null,
          null,
          1,
          13,
          null,
          9,
          9,
          13,
          11,
          13,
          null,
          1,
          12,
          null,
          null,
          1,
          1,
          1,
          1,
          1,
          null,
          null,
          1,
          4,
          null,
          null,
          null,
          1,
          3,
          2,
          null,
          1,
          1,
          1,
          1,
          1,
          null,
          null,
          1,
          4,
          null,
          null,
          null,
          1,
          3,
          2,
          null,
          1,
          1,
          1,
          1,
          1,
          null,
          null,
          1,
          4,
          null,
          null,
          null,
          1,
          3,
          2,
          null,
          1,
          1,
          1,
          1,
          1,
          null,
          null,
          1,
          4,
          null,
          null,
          null,
          1,
          3,
          2,
          null,
          1,
          1,
          1,
          1,
          1,
          1,
          null,
          null,
          1,
          4,
          null,
          null,
          null,
          1,
          3,
          2,
          null,
          1,
          1,
          1,
          1,
          1,
          null,
          null,
          1,
          4,
          null,
          null,
          null
        ]
      },
      "/home/elina/pdp/simple_api/spec/concepts/videos/operation/index_spec.rb": {
        "lines": [
          null,
          null,
          1,
          2,
          null,
          2,
          1,
          2,
          1,
          null,
          1,
          1,
          1,
          null,
          null,
          1,
          1,
          1,
          1,
          null,
          null
        ]
      },
      "/home/elina/pdp/simple_api/spec/concepts/videos/operation/restart_spec.rb": {
        "lines": [
          null,
          null,
          1,
          11,
          null,
          7,
          7,
          11,
          11,
          11,
          null,
          1,
          10,
          10,
          null,
          null,
          1,
          1,
          1,
          1,
          1,
          1,
          1,
          null,
          null,
          1,
          4,
          null,
          null,
          null,
          1,
          3,
          2,
          null,
          1,
          1,
          1,
          1,
          1,
          null,
          null,
          1,
          4,
          null,
          null,
          null,
          1,
          3,
          2,
          null,
          1,
          1,
          1,
          1,
          1,
          1,
          null,
          null,
          1,
          4,
          null,
          null,
          null,
          1,
          3,
          2,
          null,
          1,
          1,
          1,
          1,
          1,
          null,
          null,
          1,
          4,
          null,
          null,
          null,
          1,
          3,
          2,
          null,
          1,
          1,
          1,
          1,
          1,
          null,
          null,
          1,
          4,
          null,
          null,
          null
        ]
      },
      "/home/elina/pdp/simple_api/spec/controllers/api/v1/logins_controller_spec.rb": {
        "lines": [
          null,
          null,
          1,
          1,
          3,
          3,
          4,
          null,
          1,
          1,
          1,
          1,
          1,
          1,
          null,
          null,
          null,
          1,
          2,
          2,
          null,
          1,
          1,
          1,
          1,
          null,
          null,
          null,
          1,
          2,
          2,
          null,
          1,
          1,
          null,
          null,
          1,
          1,
          1,
          1,
          null,
          null,
          null,
          null
        ]
      },
      "/home/elina/pdp/simple_api/app/controllers/api/v1/logins_controller.rb": {
        "lines": [
          null,
          null,
          1,
          1,
          1,
          1,
          3,
          null,
          null,
          1,
          null,
          1,
          null,
          3,
          1,
          1,
          null,
          null,
          2,
          null,
          null,
          null,
          null,
          1,
          1,
          null,
          null,
          null,
          null
        ]
      },
      "/home/elina/pdp/simple_api/app/controllers/application_controller.rb": {
        "lines": [
          null,
          null,
          1,
          1,
          1,
          1,
          null,
          1,
          null,
          1,
          null,
          1,
          27,
          27,
          null,
          2,
          null,
          null,
          1,
          0,
          null,
          null,
          1,
          null,
          32,
          11,
          null,
          null,
          null,
          1,
          null,
          14,
          null,
          8,
          null,
          null,
          null,
          null
        ]
      },
      "/home/elina/pdp/simple_api/spec/controllers/api/v1/refreshs_controller_spec.rb": {
        "lines": [
          null,
          null,
          1,
          3,
          3,
          3,
          3,
          3,
          3,
          null,
          1,
          1,
          2,
          2,
          2,
          2,
          2,
          null,
          null,
          1,
          1,
          1,
          1,
          1,
          null,
          null,
          1,
          2,
          2,
          null,
          1,
          1,
          null,
          null,
          1,
          1,
          1,
          1,
          null,
          null,
          null,
          null
        ]
      },
      "/home/elina/pdp/simple_api/app/controllers/api/v1/refreshs_controller.rb": {
        "lines": [
          null,
          null,
          1,
          1,
          1,
          1,
          null,
          1,
          2,
          null,
          null,
          1,
          null,
          1,
          2,
          null,
          null,
          1,
          null,
          2,
          1,
          1,
          null,
          null,
          1,
          null,
          null,
          null,
          null,
          1,
          1,
          null,
          null,
          null,
          null
        ]
      },
      "/home/elina/pdp/simple_api/spec/controllers/api/v1/videos_controller_spec.rb": {
        "lines": [
          null,
          null,
          1,
          7,
          9,
          5,
          7,
          12,
          12,
          12,
          12,
          null,
          1,
          11,
          11,
          11,
          null,
          null,
          1,
          7,
          null,
          7,
          null,
          1,
          1,
          4,
          1,
          1,
          1,
          null,
          null,
          null,
          1,
          2,
          2,
          null,
          1,
          4,
          1,
          1,
          1,
          null,
          null,
          null,
          1,
          2,
          2,
          null,
          1,
          4,
          1,
          1,
          1,
          null,
          null,
          null,
          1,
          2,
          2,
          null,
          1,
          4,
          1,
          1,
          1,
          null,
          null,
          null,
          1,
          3,
          2,
          null,
          1,
          4,
          1,
          1,
          null,
          null,
          1,
          4,
          null,
          null,
          null,
          null,
          1,
          5,
          null,
          5,
          5,
          null,
          1,
          4,
          null,
          null,
          1,
          1,
          4,
          1,
          1,
          1,
          1,
          1,
          null,
          null,
          null,
          1,
          2,
          2,
          null,
          1,
          4,
          1,
          1,
          1,
          null,
          null,
          null,
          1,
          2,
          2,
          null,
          1,
          4,
          1,
          1,
          1,
          null,
          null,
          null,
          1,
          2,
          2,
          null,
          1,
          4,
          1,
          1,
          1,
          null,
          null,
          null,
          null,
          1,
          2,
          null,
          2,
          2,
          null,
          1,
          1,
          1,
          null,
          null,
          1,
          1,
          1,
          1,
          1,
          1,
          null,
          null,
          null
        ]
      },
      "/home/elina/pdp/simple_api/app/controllers/api/v1/videos_controller.rb": {
        "lines": [
          null,
          null,
          1,
          1,
          1,
          1,
          null,
          1,
          1,
          null,
          null,
          1,
          6,
          null,
          null,
          1,
          4,
          null,
          null,
          1,
          null,
          1,
          11,
          null,
          null,
          1,
          11,
          null,
          null,
          null,
          null
        ]
      },
      "/home/elina/pdp/simple_api/spec/jobs/cutter_job_spec.rb": {
        "lines": [
          1,
          null,
          1,
          2,
          null,
          2,
          2,
          2,
          2,
          null,
          1,
          1,
          1,
          1,
          1,
          null,
          null
        ]
      },
      "/home/elina/pdp/simple_api/app/jobs/cutter_job.rb": {
        "lines": [
          1,
          1,
          1,
          null,
          1,
          null,
          1,
          1,
          1,
          1,
          1,
          1,
          null,
          null,
          1,
          null,
          1,
          null,
          1,
          1,
          null,
          null,
          1,
          1,
          1,
          null,
          null,
          1,
          1,
          null,
          null,
          1,
          1,
          null,
          null,
          1,
          1,
          null,
          null
        ]
      },
      "/home/elina/pdp/simple_api/app/jobs/application_job.rb": {
        "lines": [
          null,
          null,
          1,
          null
        ]
      },
      "/home/elina/pdp/simple_api/spec/models/user_spec.rb": {
        "lines": [
          1,
          2,
          2,
          2,
          2,
          2,
          null
        ]
      },
      "/home/elina/pdp/simple_api/spec/models/video_spec.rb": {
        "lines": [
          1,
          2,
          2,
          2,
          2,
          2,
          null
        ]
      },
      "/home/elina/pdp/simple_api/app/serializers/video_serializer.rb": {
        "lines": [
          null,
          null,
          1,
          1,
          null,
          1,
          1,
          8,
          null,
          null,
          1,
          8,
          null,
          null
        ]
      }
    },
    "timestamp": 1597404084
  }
}
